<?xml version='1.0' encoding='UTF-8'?>
<testsuite hostname="DESKTOP-383G74D" name="wikigraph.WikigraphSuite" tests="17" errors="0" failures="3" skipped="0" time="1.065" timestamp="2023-05-26T08:54:28">
          <properties>
[...]
</properties>
          <testcase classname="wikigraph.WikigraphSuite" name="zip without errors" time="0.348">
                      
                    </testcase><testcase classname="wikigraph.WikigraphSuite" name="zip with domain errors" time="0.069">
                      
                    </testcase><testcase classname="wikigraph.WikigraphSuite" name="zip with domain errors and failures" time="0.031">
                      
                    </testcase><testcase classname="wikigraph.WikigraphSuite" name="traverse without errors" time="0.085">
                      
                    </testcase><testcase classname="wikigraph.WikigraphSuite" name="traverse with domain errors" time="0.2">
                      
                    </testcase><testcase classname="wikigraph.WikigraphSuite" name="traverse with domain errors and failures" time="0.047">
                      
                    </testcase><testcase classname="wikigraph.WikigraphSuite" name="map" time="0.022">
                      
                    </testcase><testcase classname="wikigraph.WikigraphSuite" name="flatMap with a successful function" time="0.015">
                      
                    </testcase><testcase classname="wikigraph.WikigraphSuite" name="flatMap with a function producing a domain error" time="0.0">
                      
                    </testcase><testcase classname="wikigraph.WikigraphSuite" name="flatMap with a function producing a system failure" time="0.016">
                      
                    </testcase><testcase classname="wikigraph.WikigraphSuite" name="breadthFirstSearch finds unique path" time="0.047">
                      <failure message="munit.FailException: C:\Users\unmes\Downloads\wikigraph\wikigraph\src\test\scala\wikigraph\WikigraphSuite.scala:219 assertion failed
218:
[7m219:    assert(res.extractUnsafe == Option(3))[0m
220:  }" type="sbt.ForkMain$ForkError">sbt.ForkMain$ForkError: munit.FailException: C:\Users\unmes\Downloads\wikigraph\wikigraph\src\test\scala\wikigraph\WikigraphSuite.scala:219 assertion failed
218:
[7m219:    assert(res.extractUnsafe == Option(3))[0m
220:  }
	at munit.FunSuite.assert(FunSuite.scala:11)
	at wikigraph.WikigraphSuite.$init$$$anonfun$11(WikigraphSuite.scala:219)
	at scala.runtime.java8.JFunction0$mcV$sp.apply(JFunction0$mcV$sp.scala:18)
</failure>
                    </testcase><testcase classname="wikigraph.WikigraphSuite" name="breadthFirstSearch finds shortest path path" time="0.016">
                      <failure message="munit.FailException: C:\Users\unmes\Downloads\wikigraph\wikigraph\src\test\scala\wikigraph\WikigraphSuite.scala:233 assertion failed
232:
[7m233:    assert(res.extractUnsafe == Option(2))[0m
234:  }" type="sbt.ForkMain$ForkError">sbt.ForkMain$ForkError: munit.FailException: C:\Users\unmes\Downloads\wikigraph\wikigraph\src\test\scala\wikigraph\WikigraphSuite.scala:233 assertion failed
232:
[7m233:    assert(res.extractUnsafe == Option(2))[0m
234:  }
	at munit.FunSuite.assert(FunSuite.scala:11)
	at wikigraph.WikigraphSuite.$init$$$anonfun$12(WikigraphSuite.scala:233)
	at scala.runtime.java8.JFunction0$mcV$sp.apply(JFunction0$mcV$sp.scala:18)
</failure>
                    </testcase><testcase classname="wikigraph.WikigraphSuite" name="breadthFirstSearch exits when maxDepth is reached" time="0.006">
                      
                    </testcase><testcase classname="wikigraph.WikigraphSuite" name="breadthFirstSearch does not fail on errors" time="0.0">
                      
                    </testcase><testcase classname="wikigraph.WikigraphSuite" name="breadthFirstSearch does not get stuck in cycles" time="0.0">
                      
                    </testcase><testcase classname="wikigraph.WikigraphSuite" name="distanceMatrix" time="0.016">
                      <failure message="java.lang.AssertionError: 
 - Expected value: Right(List((TestArticle-1,TestArticle-3,Some(2)), (TestArticle-3,TestArticle-1,Some(1))))
 - Obtained value: Right(List((TestArticle-1,TestArticle-3,None), (TestArticle-3,TestArticle-1,None)))" type="sbt.ForkMain$ForkError">sbt.ForkMain$ForkError: java.lang.AssertionError: 
 - Expected value: Right(List((TestArticle-1,TestArticle-3,Some(2)), (TestArticle-3,TestArticle-1,Some(1))))
 - Obtained value: Right(List((TestArticle-1,TestArticle-3,None), (TestArticle-3,TestArticle-1,None)))
	at wikigraph.WikigraphSuite.failure$1(WikigraphSuite.scala:357)
	at wikigraph.WikigraphSuite.checkProperty(WikigraphSuite.scala:360)
	at wikigraph.WikigraphSuite.property$$anonfun$1(WikigraphSuite.scala:351)
	at scala.runtime.java8.JFunction0$mcV$sp.apply(JFunction0$mcV$sp.scala:18)
</failure>
                    </testcase><testcase classname="wikigraph.WikigraphSuite" name="namedLinks" time="0.147">
                      
                    </testcase>
          <system-out><![CDATA[]]></system-out>
          <system-err><![CDATA[]]></system-err>
        </testsuite>