<?xml version='1.0' encoding='UTF-8'?>
<testsuite hostname="DESKTOP-383G74D" name="fireworks.FireworksSuite" tests="12" errors="0" failures="0" skipped="0" time="1.136" timestamp="2023-05-17T17:54:15">
          <properties>
[...]
</properties>
          <testcase classname="fireworks.FireworksSuite" name="'Firework.next' returns 'Done' when given 'Done' `" time="0.103">
                      
                    </testcase><testcase classname="fireworks.FireworksSuite" name="'Firework.next' returns 'Waiting' or 'Launched' when given 'Waiting'" time="0.303">
                      
                    </testcase><testcase classname="fireworks.FireworksSuite" name="'Firework.next' returns 'Launched' or 'Exploding' when given 'Launched'" time="0.074">
                      
                    </testcase><testcase classname="fireworks.FireworksSuite" name="'Firework.next' returns 'Exploding' or 'Done' when given 'Exploding'" time="0.125">
                      
                    </testcase><testcase classname="fireworks.FireworksSuite" name="Operation 'next' on class 'Waiting' should return the same 'Waiting' value with a decremented 'countDown' until it is zero or negative" time="0.045">
                      
                    </testcase><testcase classname="fireworks.FireworksSuite" name="Operation 'next' on class 'Waiting' should return a 'Launched' value if the 'countDown' is zero or negative" time="0.044">
                      
                    </testcase><testcase classname="fireworks.FireworksSuite" name="Operation 'next' on class 'Launched' should return a 'Launched' value with a decremented 'countDown' until it is zero or negative" time="0.021">
                      
                    </testcase><testcase classname="fireworks.FireworksSuite" name="Operation 'next' on class 'Launched' should return a 'Launched' value with an updated 'position' until the 'countDown' is zero or negative" time="0.031">
                      
                    </testcase><testcase classname="fireworks.FireworksSuite" name="Operation 'next' on class 'Launched' should return an 'Exploding' value if the 'countDown' is zero or negative" time="0.057">
                      
                    </testcase><testcase classname="fireworks.FireworksSuite" name="Operation 'next' on class 'Exploding' should return an 'Exploding' value with a decremented 'countDown' until it is zero or negative" time="0.224">
                      
                    </testcase><testcase classname="fireworks.FireworksSuite" name="Operation 'next' on class 'Exploding' should return a 'Done' value if the 'countDown' is zero or negative" time="0.101">
                      
                    </testcase><testcase classname="fireworks.FireworksSuite" name="Operation 'next' on class 'Particle' should return a 'Particle' value that has moved" time="0.008">
                      
                    </testcase>
          <system-out><![CDATA[]]></system-out>
          <system-err><![CDATA[]]></system-err>
        </testsuite>