<?xml version='1.0' encoding='UTF-8'?>
<testsuite hostname="DESKTOP-383G74D" name="quickcheck.QuickCheckSuite" tests="5" errors="0" failures="0" skipped="0" time="1.666" timestamp="2023-05-22T18:33:52">
          <properties>
[...]
</properties>
          <testcase classname="quickcheck.QuickCheckSuite" name="Bogus (1) binomial heap does not satisfy properties. (10pts)" time="0.448">
                      
                    </testcase><testcase classname="quickcheck.QuickCheckSuite" name="Bogus (2) binomial heap does not satisfy properties. (10pts)" time="0.053">
                      
                    </testcase><testcase classname="quickcheck.QuickCheckSuite" name="Bogus (3) binomial heap does not satisfy properties. (10pts)" time="0.348">
                      
                    </testcase><testcase classname="quickcheck.QuickCheckSuite" name="Bogus (4) binomial heap does not satisfy properties. (10pts)" time="0.039">
                      
                    </testcase><testcase classname="quickcheck.QuickCheckSuite" name="Bogus (5) binomial heap does not satisfy properties. (10pts)" time="0.778">
                      
                    </testcase>
          <system-out><![CDATA[]]></system-out>
          <system-err><![CDATA[]]></system-err>
        </testsuite>